mode: set
tech-tsarka/internal/api/substr/api.go:16.42,17.18 1 1
tech-tsarka/internal/api/substr/api.go:17.18,19.3 1 1
tech-tsarka/internal/api/substr/api.go:20.2,20.12 1 1
tech-tsarka/internal/api/substr/api.go:27.78,30.51 2 1
tech-tsarka/internal/api/substr/api.go:30.51,33.3 2 1
tech-tsarka/internal/api/substr/api.go:35.2,36.16 2 1
tech-tsarka/internal/api/substr/api.go:36.16,39.3 2 1
tech-tsarka/internal/api/substr/api.go:41.2,43.60 2 1
tech-tsarka/internal/api/substr/api.go:46.44,55.31 7 1
tech-tsarka/internal/api/substr/api.go:55.31,57.18 2 1
tech-tsarka/internal/api/substr/api.go:57.18,58.27 1 1
tech-tsarka/internal/api/substr/api.go:58.27,62.5 3 1
tech-tsarka/internal/api/substr/api.go:64.4,64.45 1 1
tech-tsarka/internal/api/substr/api.go:64.45,66.5 1 1
tech-tsarka/internal/api/substr/api.go:68.4,68.30 1 1
tech-tsarka/internal/api/substr/api.go:71.3,71.29 1 1
tech-tsarka/internal/api/substr/api.go:74.2,75.23 2 1
tech-tsarka/internal/api/substr/api.go:75.23,79.3 3 1
tech-tsarka/internal/api/substr/api.go:81.2,81.15 1 1
tech-tsarka/internal/api/substr/api.go:84.82,85.58 1 1
tech-tsarka/internal/api/substr/api.go:85.58,87.3 1 1
tech-tsarka/internal/api/substr/api.go:89.2,89.12 1 1
tech-tsarka/internal/api/substr/api.go:92.68,96.2 3 1
tech-tsarka/internal/api/substr/api.go:98.66,100.2 1 1
tech-tsarka/internal/storage/user/pguserstorage/create.go:9.96,18.16 3 1
tech-tsarka/internal/storage/user/pguserstorage/create.go:18.16,20.3 1 0
tech-tsarka/internal/storage/user/pguserstorage/create.go:22.2,27.16 3 1
tech-tsarka/internal/storage/user/pguserstorage/create.go:27.16,29.3 1 0
tech-tsarka/internal/storage/user/pguserstorage/create.go:31.2,33.8 1 1
tech-tsarka/internal/storage/user/pguserstorage/delete.go:11.64,17.16 3 1
tech-tsarka/internal/storage/user/pguserstorage/delete.go:17.16,19.3 1 0
tech-tsarka/internal/storage/user/pguserstorage/delete.go:21.2,22.16 2 1
tech-tsarka/internal/storage/user/pguserstorage/delete.go:22.16,24.3 1 0
tech-tsarka/internal/storage/user/pguserstorage/delete.go:26.2,26.29 1 1
tech-tsarka/internal/storage/user/pguserstorage/delete.go:26.29,28.3 1 0
tech-tsarka/internal/storage/user/pguserstorage/delete.go:30.2,30.12 1 1
tech-tsarka/internal/storage/user/pguserstorage/get.go:11.76,20.16 3 1
tech-tsarka/internal/storage/user/pguserstorage/get.go:20.16,22.3 1 0
tech-tsarka/internal/storage/user/pguserstorage/get.go:24.2,31.16 3 1
tech-tsarka/internal/storage/user/pguserstorage/get.go:31.16,33.3 1 0
tech-tsarka/internal/storage/user/pguserstorage/get.go:35.2,35.17 1 1
tech-tsarka/internal/storage/user/pguserstorage/storage.go:36.32,40.2 1 1
tech-tsarka/internal/storage/user/pguserstorage/update.go:11.92,14.26 2 1
tech-tsarka/internal/storage/user/pguserstorage/update.go:14.26,16.3 1 1
tech-tsarka/internal/storage/user/pguserstorage/update.go:18.2,18.25 1 1
tech-tsarka/internal/storage/user/pguserstorage/update.go:18.25,20.3 1 1
tech-tsarka/internal/storage/user/pguserstorage/update.go:22.2,25.16 3 1
tech-tsarka/internal/storage/user/pguserstorage/update.go:25.16,27.3 1 0
tech-tsarka/internal/storage/user/pguserstorage/update.go:29.2,31.16 2 1
tech-tsarka/internal/storage/user/pguserstorage/update.go:31.16,33.3 1 0
tech-tsarka/internal/storage/user/pguserstorage/update.go:35.2,35.29 1 1
tech-tsarka/internal/storage/user/pguserstorage/update.go:35.29,37.3 1 0
tech-tsarka/internal/storage/user/pguserstorage/update.go:39.2,39.12 1 1
